make all --print-data-base --no-builtin-variables --no-builtin-rules --question
# GNU Make 3.81
# Copyright (C) 2006  Free Software Foundation, Inc.
# This is free software; see the source for copying conditions.
# There is NO warranty; not even for MERCHANTABILITY or FITNESS FOR A
# PARTICULAR PURPOSE.

# This program built for i386-apple-darwin11.3.0

# Make data base, printed on Sat Nov 19 11:27:28 2022

# Variables

# automatic
<D = $(patsubst %/,%,$(dir $<))
# automatic
?F = $(notdir $?)
# automatic
?D = $(patsubst %/,%,$(dir $?))
# environment
CPPFLAGS = -I/Users/jmurovec/.brew/opt/readline/include
# automatic
@D = $(patsubst %/,%,$(dir $@))
# automatic
@F = $(notdir $@)
# makefile
CURDIR := /Users/jmurovec/Desktop/projects/CPP/module06_01_add_structs/ex00
# makefile
SHELL = /bin/sh
# makefile (from `Makefile', line 29)
CPP_FILES = main.cpp Conversion.cpp Conversion_storeType.cpp Conversion_processInput.cpp Conversion_checkIntOverflow.cpp Conversion_printAll.cpp
# environment
VSCODE_NLS_CONFIG = {"locale":"en-us","availableLanguages":{},"_languagePackSupport":true}
# environment
_ = /usr/bin/make
# makefile (from `Makefile', line 27)
CFLAGS = -std=c++98 -Wall -Wextra -Werror		-Wshadow -Wno-shadow     -O2   -Ofast
# makefile (from `Makefile', line 1)
MAKEFILE_LIST :=  Makefile
# makefile (from `Makefile', line 36)
OBJ_DIR = obj_dir
# makefile (from `Makefile', line 14)
RES = \033[0m
# environment
VSCODE_CWD = /
# environment
Apple_PubSub_Socket_Render = /private/tmp/com.apple.launchd.FSRACv6nMG/Render
# makefile (from `Makefile', line 37)
OBJ_FILES = $(patsubst %, $(OBJ_DIR)/%, $(CPP_FILES:.cpp=.o))
# environment
PATH = /Users/jmurovec/.brew/bin:/usr/local/bin:/usr/bin:/bin:/usr/sbin:/sbin:/usr/local/munki
# environment
C_INCLUDE_PATH = /Users/jmurovec/.brew/include:
# environment
LIBRARY_PATH = /Users/jmurovec/.brew/lib:
# environment
ELECTRON_RUN_AS_NODE = 1
# environment
LDFLAGS = -L/Users/jmurovec/.brew/opt/readline/lib
# default
.FEATURES := target-specific order-only second-expansion else-if archives jobserver check-symlink
# makefile (from `Makefile', line 15)
GRN = \033[32m
# environment
SSH_AUTH_SOCK = /private/tmp/com.apple.launchd.UToj4L3Xpu/Listeners
# automatic
%F = $(notdir $%)
# environment
HOMEBREW_TEMP = /tmp/jmurovec/Homebrew/Temp
# environment
PWD = /Users/jmurovec/Desktop/projects/CPP/module06_01_add_structs/ex00
# environment
ORIGINAL_XDG_CURRENT_DESKTOP = undefined
# makefile (from `Makefile', line 17)
BLU = \033[34m
# environment
VSCODE_AMD_ENTRYPOINT = vs/workbench/api/node/extensionHostProcess
# environment
HOME = /Users/jmurovec
# default
MAKEFILEPATH := /Applications/Xcode.app/Contents/Developer/Makefiles
# environment
VSCODE_CODE_CACHE_PATH = /Users/jmurovec/Library/Application Support/Code/CachedData/6261075646f055b99068d3688932416f2346dd3b
# environment
LOGNAME = jmurovec
# environment
APPLICATION_INSIGHTS_NO_DIAGNOSTIC_CHANNEL = 1
# makefile (from `Makefile', line 40)
HEADERS = Conversion.hpp
# environment
VSCODE_HANDLES_UNCAUGHT_ERRORS = true
# automatic
^D = $(patsubst %/,%,$(dir $^))
# environment
XPC_FLAGS = 0x0
# default
MAKE = $(MAKE_COMMAND)
# default
MAKECMDGOALS := all
# environment
HOMEBREW_CACHE = /tmp/jmurovec/Homebrew/Caches
# environment
SHLVL = 1
# makefile (from `Makefile', line 26)
CC = c++
# default
MAKE_VERSION := 3.81
# environment
USER = jmurovec
# makefile
.DEFAULT_GOAL := all
# makefile (from `Makefile', line 24)
NAME = a.out
# automatic
%D = $(patsubst %/,%,$(dir $%))
# default
MAKE_COMMAND := /Applications/Xcode.app/Contents/Developer/usr/bin/make
# default
.VARIABLES := 
# environment
 
TMPDIR = /var/folders/zz/zyxvpxvq6csfxvn_n0009kjh002cmc/T/
# automatic
*F = $(notdir $*)
# environment
VSCODE_IPC_HOOK = /Users/jmurovec/Library/Application Support/Code/1.73.1-main.sock
# environment
MallocNanoZone = 0
# makefile (from `Makefile', line 18)
RED = \033[31m
# makefile
MAKEFLAGS = Rrqp
# environment
MFLAGS = -Rrqp
# automatic
*D = $(patsubst %/,%,$(dir $*))
# environment
XPC_SERVICE_NAME = com.apple.xpc.launchd.oneshot.0x1000000b.Electron
# automatic
+D = $(patsubst %/,%,$(dir $+))
# automatic
+F = $(notdir $+)
# environment
__CF_USER_TEXT_ENCODING = 0x1328C:0x0:0x0
# environment
COMMAND_MODE = unix2003
# default
MAKEFILES := 
# automatic
<F = $(notdir $<)
# environment
LC_ALL = C
# makefile (from `Makefile', line 16)
YEL = \033[33m
# environment
SECURITYSESSIONID = 186de
# automatic
^F = $(notdir $^)
# default
SUFFIXES := 
# default
.INCLUDE_DIRS = /usr/local/include
# environment
MAKELEVEL := 0
# environment
LANG = C
# environment
VSCODE_PID = 16948
# variable set hash-table stats:
# Load=77/1024=8%, Rehash=0, Collisions=1/115=1%

# Pattern-specific Variable Values

# No pattern-specific variable values.

# Directories

# . (device 16777229, inode 1065020): 18 files, no impossibilities.

# 18 files, no impossibilities in 1 directories.

# Implicit Rules

obj_dir/%.o: %.cpp	Conversion.hpp
#  commands to execute (from `Makefile', line 51):
	@printf "$(BLU)  make $@ \n$(RES)"
	@if [ ! -d "$(OBJ_DIR)" ]; then \
	mkdir -p $(OBJ_DIR)/; \
	fi;
	@c++ -c $(CFLAGS) -o $@ $<
	

# 1 implicit rules, 0 (0.0%) terminal.

# Files

all: a.out
#  Phony target (prerequisite of .PHONY).
#  Command-line target.
#  Implicit rule search has not been done.
#  File does not exist.
#  File has been updated.
#  Needs to be updated (-q is set).
# variable set hash-table stats:
# Load=0/32=0%, Rehash=0, Collisions=0/7=0%
#  commands to execute (from `Makefile', line 45):
	@printf "$(GRN)DONE\n$(RES)"
	@printf "$(YEL)\n --- CPP MODULE06, EXCERCISE 00 --- \n\n$(RES)"
	

.PHONY: all clean fclean re
#  Implicit rule search has not been done.
#  Modification time never checked.
#  File has not been updated.

obj_dir/main.o: main.cpp Conversion.hpp
#  Implicit rule search has been done.
#  Implicit/static pattern stem: `main'
#  Last modified 2022-11-19 11:14:45
#  File has been updated.
#  Needs to be updated (-q is set).
# automatic
# @ := obj_dir/main.o
# automatic
# % := 
# automatic
# * := main
# automatic
# + := main.cpp Conversion.hpp
# automatic
# | := 
# automatic
# < := main.cpp
# automatic
# ^ := main.cpp Conversion.hpp
# automatic
# ? := Conversion.hpp
# variable set hash-table stats:
# Load=8/32=25%, Rehash=0, Collisions=1/18=6%
#  commands to execute (from `Makefile', line 51):
	@printf "$(BLU)  make $@ \n$(RES)"
	@if [ ! -d "$(OBJ_DIR)" ]; then \
	mkdir -p $(OBJ_DIR)/; \
	fi;
	@c++ -c $(CFLAGS) -o $@ $<
	

# Not a target:
obj_dir/Conversion.o:
#  Implicit rule search has not been done.
#  Modification time never checked.
#  File has not been updated.

# Not a target:
Conversion.hpp:
#  Implicit rule search has been done.
#  Last modified 2022-11-19 11:26:31
#  File has been updated.
#  Successfully updated.
# variable set hash-table stats:
# Load=0/32=0%, Rehash=0, Collisions=0/0=0%

# Not a target:
.SUFFIXES:
#  Implicit rule search has not been done.
#  Modification time never checked.
#  File has not been updated.

# Not a target:
obj_dir/Conversion_processInput.o:
#  Implicit rule search has not been done.
#  Modification time never checked.
#  File has not been updated.

# Not a target:
Makefile:
#  Implicit rule search has been done.
#  Last modified 2022-11-19 11:07:34
#  File has been updated.
#  Successfully updated.
# variable set hash-table stats:
# Load=0/32=0%, Rehash=0, Collisions=0/0=0%

# Not a target:
main.cpp:
#  Implicit rule search has been done.
#  Last modified 2022-11-19 11:07:34
#  File has been updated.
#  Successfully updated.
# variable set hash-table stats:
# Load=0/32=0%, Rehash=0, Collisions=0/0=0%

a.out: obj_dir/main.o obj_dir/Conversion.o obj_dir/Conversion_storeType.o obj_dir/Conversion_processInput.o obj_dir/Conversion_checkIntOverflow.o obj_dir/Conversion_printAll.o
#  Implicit rule search has not been done.
#  Last modified 2022-11-19 11:14:46
#  File has been updated.
#  Needs to be updated (-q is set).
# variable set hash-table stats:
# Load=0/32=0%, Rehash=0, Collisions=0/7=0%
#  commands to execute (from `Makefile', line 60):
	@c++ $(CFLAGS) $(OBJ_FILES) -o $(NAME)
	

fclean: clean
#  Phony target (prerequisite of .PHONY).
#  Implicit rule search has not been done.
#  File does not exist.
#  File has not been updated.
#  commands to execute (from `Makefile', line 71):
	rm -f $(NAME)
	

# Not a target:
.DEFAULT:
#  Implicit rule search has not been done.
#  Modification time never checked.
#  File has not been updated.

# Not a target:
obj_dir/Conversion_printAll.o:
#  Implicit rule search has not been done.
#  Modification time never checked.
#  File has not been updated.

re: fclean all
#  Phony target (prerequisite of .PHONY).
#  Implicit rule search has not been done.
#  File does not exist.
#  File has not been updated.

clean:
#  Phony target (prerequisite of .PHONY).
#  Implicit rule search has not been done.
#  File does not exist.
#  File has not been updated.
#  commands to execute (from `Makefile', line 65):
	rm -f $(OBJ_FILES)
	rm -rf $(OBJ_DIR)
	

# Not a target:
obj_dir/Conversion_storeType.o:
#  Implicit rule search has not been done.
#  Modification time never checked.
#  File has not been updated.

# Not a target:
obj_dir/Conversion_checkIntOverflow.o:
#  Implicit rule search has not been done.
#  Modification time never checked.
#  File has not been updated.

# files hash-table stats:
# Load=17/1024=2%, Rehash=0, Collisions=0/49=0%
# VPATH Search Paths

# No `vpath' search paths.

# No general (`VPATH' variable) search path.

# # of strings in strcache: 1
# # of strcache buffers: 1
# strcache size: total = 4096 / max = 4096 / min = 4096 / avg = 4096
# strcache free: total = 4087 / max = 4087 / min = 4087 / avg = 4087

# Finished Make data base on Sat Nov 19 11:27:28 2022

 
