make --dry-run --always-make --keep-going --print-directory
make: Entering directory `/Users/jmurovec/Desktop/projects/CPP/module06_01_add_structs/ex00'
printf "\033[34m  make obj_dir/main.o \n\033[0m"
if [ ! -d "obj_dir" ]; then \
		mkdir -p obj_dir/; \
	fi;
c++ -c -std=c++98 -Wall -Wextra -Werror		-Wshadow -Wno-shadow     -O2   -Ofast -o obj_dir/main.o main.cpp
printf "\033[34m  make obj_dir/Conversion.o \n\033[0m"
if [ ! -d "obj_dir" ]; then \
		mkdir -p obj_dir/; \
	fi;
c++ -c -std=c++98 -Wall -Wextra -Werror		-Wshadow -Wno-shadow     -O2   -Ofast -o obj_dir/Conversion.o Conversion.cpp
printf "\033[34m  make obj_dir/Conversion_storeType.o \n\033[0m"
if [ ! -d "obj_dir" ]; then \
		mkdir -p obj_dir/; \
	fi;
c++ -c -std=c++98 -Wall -Wextra -Werror		-Wshadow -Wno-shadow     -O2   -Ofast -o obj_dir/Conversion_storeType.o Conversion_storeType.cpp
printf "\033[34m  make obj_dir/Conversion_processInput.o \n\033[0m"
if [ ! -d "obj_dir" ]; then \
		mkdir -p obj_dir/; \
	fi;
c++ -c -std=c++98 -Wall -Wextra -Werror		-Wshadow -Wno-shadow     -O2   -Ofast -o obj_dir/Conversion_processInput.o Conversion_processInput.cpp
printf "\033[34m  make obj_dir/Conversion_checkIntOverflow.o \n\033[0m"
if [ ! -d "obj_dir" ]; then \
		mkdir -p obj_dir/; \
	fi;
c++ -c -std=c++98 -Wall -Wextra -Werror		-Wshadow -Wno-shadow     -O2   -Ofast -o obj_dir/Conversion_checkIntOverflow.o Conversion_checkIntOverflow.cpp
printf "\033[34m  make obj_dir/Conversion_printAll.o \n\033[0m"
if [ ! -d "obj_dir" ]; then \
		mkdir -p obj_dir/; \
	fi;
c++ -c -std=c++98 -Wall -Wextra -Werror		-Wshadow -Wno-shadow     -O2   -Ofast -o obj_dir/Conversion_printAll.o Conversion_printAll.cpp
c++ -std=c++98 -Wall -Wextra -Werror		-Wshadow -Wno-shadow     -O2   -Ofast  obj_dir/main.o  obj_dir/Conversion.o  obj_dir/Conversion_storeType.o  obj_dir/Conversion_processInput.o  obj_dir/Conversion_checkIntOverflow.o  obj_dir/Conversion_printAll.o -o a.out
printf "\033[32mDONE\n\033[0m"
printf "\033[33m\n --- CPP MODULE06, EXCERCISE 00 --- \n\n\033[0m"
make: Leaving directory `/Users/jmurovec/Desktop/projects/CPP/module06_01_add_structs/ex00'
 
